<?xml version="1.0" encoding="UTF-8"?>
<testng-results skipped="0" failed="0" ignored="0" total="1" passed="1">
  <reporter-output>
  </reporter-output>
  <suite name="Command line suite" duration-ms="10" started-at="2023-05-08T22:06:16 BST" finished-at="2023-05-08T22:06:16 BST">
    <groups>
    </groups>
    <test name="Command line test" duration-ms="10" started-at="2023-05-08T22:06:16 BST" finished-at="2023-05-08T22:06:16 BST">
      <class name="uk.co.library.AppTest">
        <test-method status="PASS" signature="testApp()[pri:0, instance:testApp(uk.co.library.AppTest)]" name="testApp" duration-ms="2" started-at="2023-05-08T22:06:16 BST" finished-at="2023-05-08T22:06:16 BST">
          <reporter-output>
          </reporter-output>
        </test-method> <!-- testApp -->
      </class> <!-- uk.co.library.AppTest -->
    </test> <!-- Command line test -->
  </suite> <!-- Command line suite -->
</testng-results>
