<?xml version="1.0" encoding="UTF-8"?>
<testsuite name="JobSearchTest"
           tests="7"
           failures="0"
           errors="0"
           skipped="0"
           time="89.374">
  <properties />
  
  
            <testcase name="verifyJobSearchResultUsingDifferentDataSet" time="10.979" classname="uk.co.library.testsuite.JobSearchTest" />
                <testcase name="verifyJobSearchResultUsingDifferentDataSet" time="10.557" classname="uk.co.library.testsuite.JobSearchTest" />
                <testcase name="verifyJobSearchResultUsingDifferentDataSet" time="11.544" classname="uk.co.library.testsuite.JobSearchTest" />
                <testcase name="verifyJobSearchResultUsingDifferentDataSet" time="13.629" classname="uk.co.library.testsuite.JobSearchTest" />
                <testcase name="verifyJobSearchResultUsingDifferentDataSet" time="10.766" classname="uk.co.library.testsuite.JobSearchTest" />
                <testcase name="verifyJobSearchResultUsingDifferentDataSet" time="10.793" classname="uk.co.library.testsuite.JobSearchTest" />
                <testcase name="verifyJobSearchResultUsingDifferentDataSet" time="21.106" classname="uk.co.library.testsuite.JobSearchTest" />
      
</testsuite>
